0 info it worked if it ends with ok
1 verbose cli [ 'node', '/usr/local/bin/npm', 'uninstall', '-g', 'yeoman' ]
2 info using npm@1.1.49
3 info using node@v0.8.7
4 info /usr/local/lib/node_modules/yeoman unbuild
5 verbose read json /usr/local/lib/node_modules/yeoman/package.json
6 info preuninstall yeoman@0.9.6
7 info uninstall yeoman@0.9.6
8 verbose true,/usr/local/lib/node_modules,/usr/local/lib/node_modules unbuild yeoman@0.9.6
9 verbose /usr/local/bin,[object Object] binRoot
10 error Error: EPERM, chmod '/usr/local/bin/yeoman'
10 error  { [Error: EPERM, chmod '/usr/local/bin/yeoman'] errno: 50, code: 'EPERM', path: '/usr/local/bin/yeoman' }
11 error Please try running this command again as root/Administrator.
12 error System Darwin 12.2.0
13 error command "node" "/usr/local/bin/npm" "uninstall" "-g" "yeoman"
14 error cwd /Users/grahamwest/Documents/Development/Angular/cellsim
15 error node -v v0.8.7
16 error npm -v 1.1.49
17 error path /usr/local/bin/yeoman
18 error code EPERM
19 error errno 50
20 error stack Error: EPERM, chmod '/usr/local/bin/yeoman'
21 verbose exit [ 50, true ]
